<?xml version="1.0" encoding="UTF-8"?>
<testng-results ignored="0" total="2" passed="2" failed="0" skipped="0">
  <reporter-output>
  </reporter-output>
  <suite started-at="2022-05-28T14:44:39 IST" name="Surefire suite" finished-at="2022-05-28T14:45:06 IST" duration-ms="26365">
    <groups>
    </groups>
    <test started-at="2022-05-28T14:44:39 IST" name="Surefire test" finished-at="2022-05-28T14:45:06 IST" duration-ms="26365">
      <class name="Tests.TestOne">
        <test-method is-config="true" signature="setUp()[pri:0, instance:Tests.TestOne@74294adb]" started-at="2022-05-28T14:44:39 IST" name="setUp" finished-at="2022-05-28T14:44:45 IST" duration-ms="5938" status="PASS">
          <reporter-output>
          </reporter-output>
        </test-method> <!-- setUp -->
        <test-method signature="FirstTest()[pri:1, instance:Tests.TestOne@74294adb]" started-at="2022-05-28T14:44:45 IST" name="FirstTest" finished-at="2022-05-28T14:44:48 IST" duration-ms="2878" status="PASS">
          <reporter-output>
          </reporter-output>
        </test-method> <!-- FirstTest -->
        <test-method is-config="true" signature="closebrowser()[pri:0, instance:Tests.TestOne@74294adb]" started-at="2022-05-28T14:44:48 IST" name="closebrowser" finished-at="2022-05-28T14:44:48 IST" duration-ms="94" status="PASS">
          <reporter-output>
          </reporter-output>
        </test-method> <!-- closebrowser -->
        <test-method is-config="true" signature="setUp()[pri:0, instance:Tests.TestOne@74294adb]" started-at="2022-05-28T14:44:48 IST" name="setUp" finished-at="2022-05-28T14:44:53 IST" duration-ms="4854" status="PASS">
          <reporter-output>
          </reporter-output>
        </test-method> <!-- setUp -->
        <test-method signature="SecondTest()[pri:2, instance:Tests.TestOne@74294adb]" started-at="2022-05-28T14:44:53 IST" name="SecondTest" finished-at="2022-05-28T14:45:06 IST" duration-ms="12412" status="PASS">
          <reporter-output>
          </reporter-output>
        </test-method> <!-- SecondTest -->
        <test-method is-config="true" signature="closebrowser()[pri:0, instance:Tests.TestOne@74294adb]" started-at="2022-05-28T14:45:06 IST" name="closebrowser" finished-at="2022-05-28T14:45:06 IST" duration-ms="160" status="PASS">
          <reporter-output>
          </reporter-output>
        </test-method> <!-- closebrowser -->
      </class> <!-- Tests.TestOne -->
    </test> <!-- Surefire test -->
  </suite> <!-- Surefire suite -->
</testng-results>
