<?xml version="1.0" encoding="UTF-8"?>
<testng-results ignored="0" total="1" passed="1" failed="0" skipped="0">
  <reporter-output>
  </reporter-output>
  <suite started-at="2021-03-01T01:35:00 IST" name="Default suite" finished-at="2021-03-01T01:35:07 IST" duration-ms="7003">
    <groups>
    </groups>
    <test started-at="2021-03-01T01:35:00 IST" name="Default test" finished-at="2021-03-01T01:35:07 IST" duration-ms="7003">
      <class name="Tests.LoginTest">
        <test-method is-config="true" signature="setUp()[pri:0, instance:Tests.LoginTest@49b0b76]" started-at="2021-03-01T01:35:00 IST" name="setUp" finished-at="2021-03-01T01:35:05 IST" duration-ms="4819" status="PASS">
          <reporter-output>
          </reporter-output>
        </test-method> <!-- setUp -->
        <test-method signature="TestLoginWithValidData()[pri:1, instance:Tests.LoginTest@49b0b76]" started-at="2021-03-01T01:35:05 IST" name="TestLoginWithValidData" finished-at="2021-03-01T01:35:07 IST" duration-ms="2070" status="PASS">
          <reporter-output>
          </reporter-output>
        </test-method> <!-- TestLoginWithValidData -->
      </class> <!-- Tests.LoginTest -->
    </test> <!-- Default test -->
  </suite> <!-- Default suite -->
</testng-results>
